<?xml version="1.0" encoding="UTF-8"?>
<!-- Generated by org.testng.reporters.JUnitReportReporter -->
<testsuite hostname="VDQADEV01-O8TK5" name="tests.TestCreateNewProject" tests="1" failures="0" timestamp="2 Feb 2015 14:48:15 GMT" time="5.906" errors="0">
  <testcase name="verifyNewProjectIsCreatedCorrectly" time="5.906" classname="tests.TestCreateNewProject"/>
</testsuite> <!-- tests.TestCreateNewProject -->
