<?xml version="1.0" encoding="UTF-8"?>
<!-- Generated by org.testng.reporters.JUnitReportReporter -->
<testsuite hostname="VDQADEV01-O8TK5" name="tests.TestCreateNewUserStoriesWithExcel" tests="3" failures="0" timestamp="11 Feb 2015 14:14:24 GMT" time="11.957" errors="0">
  <testcase name="verifyNewUserStoryIsCreatedWithTasksCorrectly" time="4.173" classname="tests.TestCreateNewUserStoriesWithExcel"/>
  <testcase name="verifyNewUserStoryIsCreatedWithTasksCorrectly" time="3.551" classname="tests.TestCreateNewUserStoriesWithExcel"/>
  <testcase name="verifyNewUserStoryIsCreatedWithTasksCorrectly" time="4.233" classname="tests.TestCreateNewUserStoriesWithExcel"/>
</testsuite> <!-- tests.TestCreateNewUserStoriesWithExcel -->
