<?xml version="1.0" encoding="UTF-8"?>
<!-- Generated by org.testng.reporters.JUnitReportReporter -->
<testsuite hostname="VDQADEV01-O8TK5" name="tests.TestCreateNewUserStoriesWithExcel" tests="3" failures="0" timestamp="10 Feb 2015 23:23:43 GMT" time="11.159" errors="0">
  <testcase name="verifyNewUserStoryIsCreatedWithTasksCorrectly" time="4.079" classname="tests.TestCreateNewUserStoriesWithExcel"/>
  <testcase name="verifyNewUserStoryIsCreatedWithTasksCorrectly" time="3.502" classname="tests.TestCreateNewUserStoriesWithExcel"/>
  <testcase name="verifyNewUserStoryIsCreatedWithTasksCorrectly" time="3.578" classname="tests.TestCreateNewUserStoriesWithExcel"/>
</testsuite> <!-- tests.TestCreateNewUserStoriesWithExcel -->
