<?xml version="1.0" encoding="UTF-8"?>
<!-- Generated by org.testng.reporters.JUnitReportReporter -->
<testsuite hostname="VDQADEV01-O8TK5" name="tests.TestCreateNewProject" tests="1" failures="0" timestamp="10 Feb 2015 23:23:43 GMT" time="4.703" errors="0">
  <testcase name="verifyNewProjectIsCreatedCorrectly" time="4.703" classname="tests.TestCreateNewProject"/>
</testsuite> <!-- tests.TestCreateNewProject -->
