<?xml version="1.0" encoding="UTF-8"?>
<!-- Generated by org.testng.reporters.JUnitReportReporter -->
<testsuite hostname="VDQADEV01-O8TK5" name="tests.TestCreateNewProject" tests="1" failures="0" timestamp="11 Feb 2015 19:50:35 GMT" time="17.437" errors="0">
  <testcase name="verifyNewProjectIsCreatedCorrectly" time="17.437" classname="tests.TestCreateNewProject"/>
</testsuite> <!-- tests.TestCreateNewProject -->
