<?xml version="1.0" encoding="UTF-8"?>
<!-- Generated by org.testng.reporters.JUnitReportReporter -->
<testsuite hostname="VDQADEV01-O8TK5" name="tests.TestCreateUserStoriesWithDataprovider" tests="3" failures="0" timestamp="11 Feb 2015 14:14:24 GMT" time="13.229" errors="0">
  <testcase name="testMethod" time="5.894" classname="tests.TestCreateUserStoriesWithDataprovider"/>
  <testcase name="testMethod" time="3.660" classname="tests.TestCreateUserStoriesWithDataprovider"/>
  <testcase name="testMethod" time="3.675" classname="tests.TestCreateUserStoriesWithDataprovider"/>
</testsuite> <!-- tests.TestCreateUserStoriesWithDataprovider -->
