<?xml version="1.0" encoding="UTF-8"?>
<!-- Generated by org.testng.reporters.JUnitReportReporter -->
<testsuite hostname="VDQADEV01-O8TK5" name="tests.TestCreateUserStoriesWithDataprovider" tests="3" failures="0" timestamp="11 Feb 2015 19:50:35 GMT" time="13.523" errors="0">
  <testcase name="testMethod" time="3.877" classname="tests.TestCreateUserStoriesWithDataprovider"/>
  <testcase name="testMethod" time="6.217" classname="tests.TestCreateUserStoriesWithDataprovider"/>
  <testcase name="testMethod" time="3.429" classname="tests.TestCreateUserStoriesWithDataprovider"/>
</testsuite> <!-- tests.TestCreateUserStoriesWithDataprovider -->
