<?xml version="1.0" encoding="UTF-8"?>
<!-- Generated by org.testng.reporters.JUnitReportReporter -->
<testsuite hostname="VDQADEV01-O8TK5" name="tests.TestLoginWithPageFactory" tests="1" failures="0" timestamp="27 Jan 2015 16:53:18 GMT" time="2.774" errors="0">
  <testcase name="test_Home_Page_Appear_Correct" time="2.774" classname="tests.TestLoginWithPageFactory"/>
</testsuite> <!-- tests.TestLoginWithPageFactory -->
