<?xml version="1.0" encoding="UTF-8"?>
<!-- Generated by org.testng.reporters.JUnitReportReporter -->
<testsuite hostname="VDQADEV01-O8TK5" name="tests.TestCreateNewUserStoriesWithExcel" tests="3" failures="0" timestamp="2 Feb 2015 14:48:15 GMT" time="10.610" errors="0">
  <testcase name="verifyNewUserStoryIsCreatedWithTasksCorrectly" time="3.641" classname="tests.TestCreateNewUserStoriesWithExcel"/>
  <testcase name="verifyNewUserStoryIsCreatedWithTasksCorrectly" time="3.187" classname="tests.TestCreateNewUserStoriesWithExcel"/>
  <testcase name="verifyNewUserStoryIsCreatedWithTasksCorrectly" time="3.782" classname="tests.TestCreateNewUserStoriesWithExcel"/>
</testsuite> <!-- tests.TestCreateNewUserStoriesWithExcel -->
