<?xml version="1.0" encoding="UTF-8"?>
<!-- Generated by org.testng.reporters.JUnitReportReporter -->
<testsuite hostname="VDQADEV01-O8TK5" name="tests.TestCreateUserStoriesWithDataprovider" tests="3" failures="0" timestamp="11 Feb 2015 18:40:11 GMT" time="11.938" errors="0">
  <testcase name="testMethod" time="3.639" classname="tests.TestCreateUserStoriesWithDataprovider"/>
  <testcase name="testMethod" time="4.339" classname="tests.TestCreateUserStoriesWithDataprovider"/>
  <testcase name="testMethod" time="3.960" classname="tests.TestCreateUserStoriesWithDataprovider"/>
</testsuite> <!-- tests.TestCreateUserStoriesWithDataprovider -->
