<?xml version="1.0" encoding="UTF-8"?>
<!-- Generated by org.testng.reporters.JUnitReportReporter -->
<testsuite hostname="VDQADEV01-O8TK5" name="tests.TestUpdateProject" tests="1" failures="0" timestamp="2 Feb 2015 14:48:15 GMT" time="8.390" errors="0">
  <testcase name="verifyNewProjectIsUpdatedCorrectly" time="8.390" classname="tests.TestUpdateProject"/>
</testsuite> <!-- tests.TestUpdateProject -->
