<?xml version="1.0" encoding="UTF-8"?>
<!-- Generated by org.testng.reporters.JUnitReportReporter -->
<testsuite hostname="VDQADEV01-O8TK5" name="tests.TestCreateNewUserStoriesWithExcel" tests="3" failures="0" timestamp="11 Feb 2015 18:40:11 GMT" time="13.134" errors="0">
  <testcase name="verifyNewUserStoryIsCreatedWithTasksCorrectly" time="4.736" classname="tests.TestCreateNewUserStoriesWithExcel"/>
  <testcase name="verifyNewUserStoryIsCreatedWithTasksCorrectly" time="4.279" classname="tests.TestCreateNewUserStoriesWithExcel"/>
  <testcase name="verifyNewUserStoryIsCreatedWithTasksCorrectly" time="4.119" classname="tests.TestCreateNewUserStoriesWithExcel"/>
</testsuite> <!-- tests.TestCreateNewUserStoriesWithExcel -->
