<?xml version="1.0" encoding="UTF-8"?>
<!-- Generated by org.testng.reporters.JUnitReportReporter -->
<testsuite hostname="VDQADEV01-O8TK5" name="tests.TestCreateNewUserStory" tests="1" failures="0" timestamp="30 Jan 2015 23:38:45 GMT" time="4.220" errors="0">
  <testcase name="verifyNewUserStoryIsCreatedCorrectly" time="4.220" classname="tests.TestCreateNewUserStory"/>
</testsuite> <!-- tests.TestCreateNewUserStory -->
