<?xml version="1.0" encoding="UTF-8"?>
<!-- Generated by org.testng.reporters.JUnitReportReporter -->
<testsuite hostname="VDQADEV01-O8TK5" name="tests.TestCreateOneProjectWithThreeUserStoriesWithJXL" tests="1" failures="0" timestamp="11 Feb 2015 18:40:11 GMT" time="13.378" errors="0">
  <testcase name="verifyNewUserStoriesAreCreatedCorrectly" time="13.378" classname="tests.TestCreateOneProjectWithThreeUserStoriesWithJXL"/>
</testsuite> <!-- tests.TestCreateOneProjectWithThreeUserStoriesWithJXL -->
