<?xml version="1.0" encoding="UTF-8"?>
<!-- Generated by org.testng.reporters.JUnitReportReporter -->
<testsuite hostname="VDQADEV01-O8TK5" name="tests.TestCreateNewProject" tests="1" failures="0" timestamp="11 Feb 2015 14:14:24 GMT" time="4.833" errors="0">
  <testcase name="verifyNewProjectIsCreatedCorrectly" time="4.833" classname="tests.TestCreateNewProject"/>
</testsuite> <!-- tests.TestCreateNewProject -->
