<?xml version="1.0" encoding="UTF-8"?>
<!-- Generated by org.testng.reporters.JUnitReportReporter -->
<testsuite hostname="VDQADEV01-O8TK5" name="tests.TestCreateUserStoriesWithDataprovider" tests="3" failures="0" timestamp="10 Feb 2015 23:23:43 GMT" time="13.802" errors="0">
  <testcase name="testMethod" time="6.218" classname="tests.TestCreateUserStoriesWithDataprovider"/>
  <testcase name="testMethod" time="3.928" classname="tests.TestCreateUserStoriesWithDataprovider"/>
  <testcase name="testMethod" time="3.656" classname="tests.TestCreateUserStoriesWithDataprovider"/>
</testsuite> <!-- tests.TestCreateUserStoriesWithDataprovider -->
