<?xml version="1.0" encoding="UTF-8"?>
<!-- Generated by org.testng.reporters.JUnitReportReporter -->
<testsuite hostname="VDQADEV01-O8TK5" name="tests.TestCreateUserStoriesWithDataprovider" tests="3" failures="0" timestamp="2 Feb 2015 14:48:15 GMT" time="9.375" errors="0">
  <testcase name="testMethod" time="3.906" classname="tests.TestCreateUserStoriesWithDataprovider"/>
  <testcase name="testMethod" time="2.672" classname="tests.TestCreateUserStoriesWithDataprovider"/>
  <testcase name="testMethod" time="2.797" classname="tests.TestCreateUserStoriesWithDataprovider"/>
</testsuite> <!-- tests.TestCreateUserStoriesWithDataprovider -->
