<?xml version="1.0" encoding="UTF-8"?>
<!-- Generated by org.testng.reporters.JUnitReportReporter -->
<testsuite hostname="VDQADEV01-O8TK5" name="tests.TestCreateNewUserStoriesWithExcel" tests="3" failures="0" timestamp="11 Feb 2015 19:50:35 GMT" time="12.614" errors="0">
  <testcase name="verifyNewUserStoryIsCreatedWithTasksCorrectly" time="4.425" classname="tests.TestCreateNewUserStoriesWithExcel"/>
  <testcase name="verifyNewUserStoryIsCreatedWithTasksCorrectly" time="4.030" classname="tests.TestCreateNewUserStoriesWithExcel"/>
  <testcase name="verifyNewUserStoryIsCreatedWithTasksCorrectly" time="4.159" classname="tests.TestCreateNewUserStoriesWithExcel"/>
</testsuite> <!-- tests.TestCreateNewUserStoriesWithExcel -->
