<?xml version="1.0" encoding="UTF-8"?>
<!-- Generated by org.testng.reporters.JUnitReportReporter -->
<testsuite hostname="VDQADEV01-O8TK5" name="tests.TestCreateOneProjectWithThreeUserStoriesWithJXL" tests="1" failures="0" timestamp="11 Feb 2015 19:50:35 GMT" time="11.109" errors="0">
  <testcase name="verifyNewUserStoriesAreCreatedCorrectly" time="11.109" classname="tests.TestCreateOneProjectWithThreeUserStoriesWithJXL"/>
</testsuite> <!-- tests.TestCreateOneProjectWithThreeUserStoriesWithJXL -->
